<?xml version="1.0" encoding="UTF-8"?>
<testsuite xmlns:xsi="http://www.w3.org/2001/XMLSchema-instance" xsi:noNamespaceSchemaLocation="https://maven.apache.org/surefire/maven-surefire-plugin/xsd/surefire-test-report-3.0.xsd" version="3.0" name="CalculadoraTest" time="0.027" tests="8" errors="0" skipped="0" failures="0">
  <properties>
[...]
</properties>
  <testcase name="ct01" classname="CalculadoraTest" time="0.012"/>
  <testcase name="ct02" classname="CalculadoraTest" time="0.0"/>
  <testcase name="ct03" classname="CalculadoraTest" time="0.001"/>
  <testcase name="ct04" classname="CalculadoraTest" time="0.001"/>
  <testcase name="ct05" classname="CalculadoraTest" time="0.0"/>
  <testcase name="ct06" classname="CalculadoraTest" time="0.0"/>
  <testcase name="ct07" classname="CalculadoraTest" time="0.001"/>
  <testcase name="ct08" classname="CalculadoraTest" time="0.0"/>
</testsuite>